{"numTotalTestSuites":9,"numPassedTestSuites":9,"numFailedTestSuites":0,"numPendingTestSuites":0,"numTotalTests":27,"numPassedTests":27,"numFailedTests":0,"numPendingTests":0,"numTodoTests":0,"snapshot":{"added":0,"failure":false,"filesAdded":0,"filesRemoved":0,"filesRemovedList":[],"filesUnmatched":0,"filesUpdated":0,"matched":0,"total":0,"unchecked":0,"uncheckedKeysByFile":[],"unmatched":0,"updated":0,"didUpdate":false},"startTime":1780955667838,"success":true,"testResults":[{"assertionResults":[{"ancestorTitles":["VitestPanel","when useParameter returns a falsy value"],"fullName":"VitestPanel when useParameter returns a falsy value renders nothing when params are null","status":"passed","title":"renders nothing when params are null","duration":8.190958000000023,"failureMessages":[],"meta":{},"tags":[]},{"ancestorTitles":["VitestPanel","when useParameter returns a falsy value"],"fullName":"VitestPanel when useParameter returns a falsy value renders nothing when params are undefined","status":"passed","title":"renders nothing when params are undefined","duration":1.2216250000000173,"failureMessages":[],"meta":{},"tags":[]},{"ancestorTitles":["VitestPanel","error states"],"fullName":"VitestPanel error states shows error when both testFile and testResults are missing","status":"passed","title":"shows error when both testFile and testResults are missing","duration":15.140165999999908,"failureMessages":[],"meta":{},"tags":[]},{"ancestorTitles":["VitestPanel","error states"],"fullName":"VitestPanel error states shows error when testFile is missing but testResults is present","status":"passed","title":"shows error when testFile is missing but testResults is present","duration":2.64708399999995,"failureMessages":[],"meta":{},"tags":[]},{"ancestorTitles":["VitestPanel","error states"],"fullName":"VitestPanel error states shows error when testResults is missing but testFile is present","status":"passed","title":"shows error when testResults is missing but testFile is present","duration":2.52537499999994,"failureMessages":[],"meta":{},"tags":[]},{"ancestorTitles":["VitestPanel","error states"],"fullName":"VitestPanel error states shows error when testResults object lacks the testResults property","status":"passed","title":"shows error when testResults object lacks the testResults property","duration":1.374166999999943,"failureMessages":[],"meta":{},"tags":[]},{"ancestorTitles":["VitestPanel","error states"],"fullName":"VitestPanel error states shows 'No tests found' when testFile does not match any result","status":"passed","title":"shows 'No tests found' when testFile does not match any result","duration":2.412249999999972,"failureMessages":[],"meta":{},"tags":[]},{"ancestorTitles":["VitestPanel","successful rendering"],"fullName":"VitestPanel successful rendering renders no error message","status":"passed","title":"renders no error message","duration":6.055916000000025,"failureMessages":[],"meta":{},"tags":[]},{"ancestorTitles":["VitestPanel","successful rendering"],"fullName":"VitestPanel successful rendering renders each test group as a bold heading","status":"passed","title":"renders each test group as a bold heading","duration":4.006834000000026,"failureMessages":[],"meta":{},"tags":[]},{"ancestorTitles":["VitestPanel","successful rendering"],"fullName":"VitestPanel successful rendering renders all test titles","status":"passed","title":"renders all test titles","duration":2.7013330000000906,"failureMessages":[],"meta":{},"tags":[]},{"ancestorTitles":["VitestPanel","successful rendering"],"fullName":"VitestPanel successful rendering shows ✔️ for passed tests","status":"passed","title":"shows ✔️ for passed tests","duration":2.0947499999999764,"failureMessages":[],"meta":{},"tags":[]},{"ancestorTitles":["VitestPanel","successful rendering"],"fullName":"VitestPanel successful rendering shows ❌ for failed tests","status":"passed","title":"shows ❌ for failed tests","duration":2.376916999999935,"failureMessages":[],"meta":{},"tags":[]},{"ancestorTitles":["VitestPanel","successful rendering"],"fullName":"VitestPanel successful rendering renders the correct number of test groups","status":"passed","title":"renders the correct number of test groups","duration":1.899791999999934,"failureMessages":[],"meta":{},"tags":[]},{"ancestorTitles":["VitestPanel","layout and container"],"fullName":"VitestPanel layout and container wraps content in a padded div","status":"passed","title":"wraps content in a padded div","duration":1.2839579999999842,"failureMessages":[],"meta":{},"tags":[]}],"startTime":1780955668725,"endTime":1780955668779.284,"status":"passed","message":"","name":"/Users/krzysztofradomski/code/storybook-addon-vitest/src/__tests__/Panel.test.tsx"},{"assertionResults":[{"ancestorTitles":["reduceFileTestResults"],"fullName":"reduceFileTestResults creates a new group for an unseen ancestorTitle","status":"passed","title":"creates a new group for an unseen ancestorTitle","duration":1.1717919999999822,"failureMessages":[],"meta":{},"tags":[]},{"ancestorTitles":["reduceFileTestResults"],"fullName":"reduceFileTestResults appends to an existing group for the same ancestorTitle","status":"passed","title":"appends to an existing group for the same ancestorTitle","duration":0.6422079999999823,"failureMessages":[],"meta":{},"tags":[]},{"ancestorTitles":["reduceFileTestResults"],"fullName":"reduceFileTestResults handles multiple distinct groups without mixing entries","status":"passed","title":"handles multiple distinct groups without mixing entries","duration":0.2670829999999569,"failureMessages":[],"meta":{},"tags":[]},{"ancestorTitles":["reduceFileTestResults"],"fullName":"reduceFileTestResults preserves the status value from each assertion","status":"passed","title":"preserves the status value from each assertion","duration":0.12504200000000765,"failureMessages":[],"meta":{},"tags":[]},{"ancestorTitles":["reduceFileTestResults"],"fullName":"reduceFileTestResults only stores title and status, discarding other assertion fields","status":"passed","title":"only stores title and status, discarding other assertion fields","duration":0.17704200000002857,"failureMessages":[],"meta":{},"tags":[]},{"ancestorTitles":["reduceFileTestResults"],"fullName":"reduceFileTestResults uses the second element of ancestorTitles as the group key","status":"passed","title":"uses the second element of ancestorTitles as the group key","duration":0.17629199999998946,"failureMessages":[],"meta":{},"tags":[]},{"ancestorTitles":["extractFileTestsData"],"fullName":"extractFileTestsData returns an empty object when no file matches","status":"passed","title":"returns an empty object when no file matches","duration":0.09995800000001509,"failureMessages":[],"meta":{},"tags":[]},{"ancestorTitles":["extractFileTestsData"],"fullName":"extractFileTestsData returns grouped results when the file name matches exactly","status":"passed","title":"returns grouped results when the file name matches exactly","duration":0.17037500000003547,"failureMessages":[],"meta":{},"tags":[]},{"ancestorTitles":["extractFileTestsData"],"fullName":"extractFileTestsData matches by partial file name using includes","status":"passed","title":"matches by partial file name using includes","duration":0.6067919999999276,"failureMessages":[],"meta":{},"tags":[]},{"ancestorTitles":["extractFileTestsData"],"fullName":"extractFileTestsData groups assertion results under their respective suite names","status":"passed","title":"groups assertion results under their respective suite names","duration":0.6765420000000404,"failureMessages":[],"meta":{},"tags":[]},{"ancestorTitles":["extractFileTestsData"],"fullName":"extractFileTestsData returns an empty object when testResults array is empty","status":"passed","title":"returns an empty object when testResults array is empty","duration":0.1904589999999189,"failureMessages":[],"meta":{},"tags":[]},{"ancestorTitles":["extractFileTestsData"],"fullName":"extractFileTestsData handles testResults being undefined gracefully","status":"passed","title":"handles testResults being undefined gracefully","duration":0.06150000000002365,"failureMessages":[],"meta":{},"tags":[]},{"ancestorTitles":["extractFileTestsData"],"fullName":"extractFileTestsData returns full grouped structure for all assertion entries in the file","status":"passed","title":"returns full grouped structure for all assertion entries in the file","duration":0.07499999999993179,"failureMessages":[],"meta":{},"tags":[]}],"startTime":1780955668754,"endTime":1780955668758.1904,"status":"passed","message":"","name":"/Users/krzysztofradomski/code/storybook-addon-vitest/src/__tests__/utils.test.ts"}]}